<?xml version="1.0" encoding="UTF-8"?>
<testsuite name="Insly Test"
           tests="1"
           failures="1"
           errors="0"
           skipped="0"
           time="14.119">
  <properties />
            <testcase name="TC_01_titleCheck_and_FormVerify" time="14.119" classname="inslyTests.TC_01_verify_Title_and_Form">
                <failure type="com.assertthat.selenium_shutterbug.utils.image.UnableToCompareImagesException"
                  message="Images dimensions mismatch: image1 - 3797x3755; image2 - 1898x1867"
              >
<![CDATA[com.assertthat.selenium_shutterbug.utils.image.UnableToCompareImagesException: Images dimensions mismatch: image1 - 3797x3755; image2 - 1898x1867
  com.assertthat.selenium_shutterbug.utils.image.ImageProcessor.imagesAreEqualsWithDiff(ImageProcessor.java:155)
  com.assertthat.selenium_shutterbug.core.Snapshot.equalsWithDiff(Snapshot.java:215)
  insly.base.imageComparator(base.java:178)
  inslyTests.TC_01_verify_Title_and_Form.TC_01_titleCheck_and_FormVerify(TC_01_verify_Title_and_Form.java:43)
  sun.reflect.NativeMethodAccessorImpl.invoke0(Native Method)
  sun.reflect.NativeMethodAccessorImpl.invoke(NativeMethodAccessorImpl.java:62)
  sun.reflect.DelegatingMethodAccessorImpl.invoke(DelegatingMethodAccessorImpl.java:43)
  java.lang.reflect.Method.invoke(Method.java:498)
  org.testng.internal.MethodInvocationHelper.invokeMethod(MethodInvocationHelper.java:124)
  org.testng.internal.Invoker.invokeMethod(Invoker.java:580)
  org.testng.internal.Invoker.invokeTestMethod(Invoker.java:716)
  org.testng.internal.Invoker.invokeTestMethods(Invoker.java:988)
  org.testng.internal.TestMethodWorker.invokeTestMethods(TestMethodWorker.java:125)
  org.testng.internal.TestMethodWorker.run(TestMethodWorker.java:109)
  org.testng.TestRunner.privateRun(TestRunner.java:648)
  org.testng.TestRunner.run(TestRunner.java:505)
  org.testng.SuiteRunner.runTest(SuiteRunner.java:455)
  org.testng.SuiteRunner.runSequentially(SuiteRunner.java:450)
  org.testng.SuiteRunner.privateRun(SuiteRunner.java:415)
  org.testng.SuiteRunner.run(SuiteRunner.java:364)
  org.testng.SuiteRunnerWorker.runSuite(SuiteRunnerWorker.java:52)
  org.testng.SuiteRunnerWorker.run(SuiteRunnerWorker.java:84)
  org.testng.TestNG.runSuitesSequentially(TestNG.java:1208)
  org.testng.TestNG.runSuitesLocally(TestNG.java:1137)
  org.testng.TestNG.runSuites(TestNG.java:1049)
  org.testng.TestNG.run(TestNG.java:1017)
  org.testng.remote.AbstractRemoteTestNG.run(AbstractRemoteTestNG.java:114)
  org.testng.remote.RemoteTestNG.initAndRun(RemoteTestNG.java:251)
  org.testng.remote.RemoteTestNG.main(RemoteTestNG.java:77)
]]>
      </failure>

          </testcase>
  
  
  
</testsuite>
