<!DOCTYPE html PUBLIC "-//W3C//DTD XHTML 1.1//EN" "http://www.w3.org/TR/xhtml11/DTD/xhtml11.dtd">
<html xmlns="http://www.w3.org/1999/xhtml">
<head>
<meta http-equiv="content-type" content="text/html; charset=UTF-8"/>
<title>TestNG Report</title>
<style type="text/css">table {margin-bottom:10px;border-collapse:collapse;empty-cells:show}th,td {border:1px solid #009;padding:.25em .5em}th {vertical-align:bottom}td {vertical-align:top}table a {font-weight:bold}.stripe td {background-color: #E6EBF9}.num {text-align:right}.passedodd td {background-color: #3F3}.passedeven td {background-color: #0A0}.skippedodd td {background-color: #DDD}.skippedeven td {background-color: #CCC}.failedodd td,.attn {background-color: #F33}.failedeven td,.stripe .attn {background-color: #D00}.stacktrace {white-space:pre;font-family:monospace}.totop {font-size:85%;text-align:center;border-bottom:2px solid #000}.invisible {display:none}</style>
</head>
<body>
<table>
<tr><th>Test</th><th># Passed</th><th># Skipped</th><th># Failed</th><th>Time (ms)</th><th>Included Groups</th><th>Excluded Groups</th></tr>
<tr><th colspan="7"> Insly Suite</th></tr>
<tr><td><a href="#t0">Insly Test</a></td><td class="num">2</td><td class="num">0</td><td class="num attn">5</td><td class="num">246,723</td><td></td><td></td></tr>
</table>
<table id='summary'><thead><tr><th>Class</th><th>Method</th><th>Start</th><th>Time (ms)</th></tr></thead><tbody><tr><th colspan="4"> Insly Suite</th></tr></tbody><tbody id="t0"><tr><th colspan="4">Insly Test &#8212; failed</th></tr><tr class="failedeven"><td rowspan="1">inslyTests.TC_01_verify_Title_and_Form</td><td><a href="#m0">TC_01_titleCheck_and_FormVerify</a></td><td rowspan="1">1557177968902</td><td rowspan="1">14119</td></tr><tr class="failedodd"><td rowspan="1">inslyTests.TC_02_verify_AutoFillUp</td><td><a href="#m1">TC_02_Verify_auto_addressFillUp</a></td><td rowspan="1">1557178006707</td><td rowspan="1">5120</td></tr><tr class="failedeven"><td rowspan="1">inslyTests.TC_03_SignUp_and_Verify_URL</td><td><a href="#m2">TC_03_SignUp_and_Verify_loginURL</a></td><td rowspan="1">1557178031255</td><td rowspan="1">22831</td></tr><tr class="failedodd"><td rowspan="1">inslyTests.TC_04_SignUp_and_verify_LogedIn_as_User</td><td><a href="#m3">TC_04_SignUp_and_verify_LogedIn_as_User</a></td><td rowspan="1">1557178078673</td><td rowspan="1">25976</td></tr><tr class="failedeven"><td rowspan="1">inslyTests.TC_07_SignUp_and_Login</td><td><a href="#m4">TC_07_SignUp_and_Login</a></td><td rowspan="1">1557178175399</td><td rowspan="1">22028</td></tr><tr><th colspan="4">Insly Test &#8212; passed</th></tr><tr class="passedeven"><td rowspan="1">inslyTests.TC_05_SignUpForm_ErrorMessages</td><td><a href="#m5">TC_05_VerifyFieldsErrorMessages</a></td><td rowspan="1">1557178125919</td><td rowspan="1">2367</td></tr><tr class="passedodd"><td rowspan="1">inslyTests.TC_06_SignUpForm_ErrorMessages2</td><td><a href="#m6">TC_06_SignUpForm_ErrorMessages2</a></td><td rowspan="1">1557178154858</td><td rowspan="1">2067</td></tr></tbody>
</table>
<h2>Insly Test</h2><h3 id="m0">inslyTests.TC_01_verify_Title_and_Form#TC_01_titleCheck_and_FormVerify</h3><table class="result"><tr><th>Messages</th></tr><tr><td><div class="messages">Starting test method:TC_01_titleCheck_and_FormVerify<br/>URL is Verified<br/>Page title  is Verified<br/> Enter value : <br/> Enter value : <br/> Enter value : <br/> Enter value : <br/> Enter value : <br/> Enter value : <br/>Text : You can invite your colleagues from here and they will get their own user access to your Company account - is Verified<br/>All elements on Signup page are Displayed<br/>TC_01_titleCheck_and_FormVerify is Failed<br/>Click to see Screenshot<br/><a href=C:\Users\Plamen\eclipse-workspace\insly\screenshots\Tue_May_07_00_26_23_EEST_2019.png></a><br/><br>  <img src='C:\Users\Plamen\eclipse-workspace\insly\screenshots\Tue_May_07_00_26_23_EEST_2019.png' height='200' width='200' /><br><br/><a target="_blank" href=C:\Users\Plamen\eclipse-workspace\insly\screenshots\Tue_May_07_00_26_23_EEST_2019.png>Screenshot</a></div></td></tr><tr><th>Exception</th></tr><tr><td><div class="stacktrace">com.assertthat.selenium_shutterbug.utils.image.UnableToCompareImagesException: Images dimensions mismatch: image1 - 3797x3755; image2 - 1898x1867
	at com.assertthat.selenium_shutterbug.utils.image.ImageProcessor.imagesAreEqualsWithDiff(ImageProcessor.java:155)
	at com.assertthat.selenium_shutterbug.core.Snapshot.equalsWithDiff(Snapshot.java:215)
	at insly.base.imageComparator(base.java:178)
	at inslyTests.TC_01_verify_Title_and_Form.TC_01_titleCheck_and_FormVerify(TC_01_verify_Title_and_Form.java:43)
... Removed 25 stack frames</div></td></tr></table><p class="totop"><a href="#summary">back to summary</a></p>
<h3 id="m1">inslyTests.TC_02_verify_AutoFillUp#TC_02_Verify_auto_addressFillUp</h3><table class="result"><tr class="param"><th>Parameter #1</th><th>Parameter #2</th><th>Parameter #3</th><th>Parameter #4</th><th>Parameter #5</th></tr><tr class="param stripe"><td>myFirstTestCompanyName</td><td>Greece</td><td>Insurance Agency</td><td>6-10</td><td>I am a tech guy</td></tr><tr><th colspan="5">Messages</th></tr><tr><td colspan="5"><div class="messages">Starting test method:TC_02_Verify_auto_addressFillUp<br/> Enter value : myFirstTestCompanyName<br/>Selecting from dropdown value as : Greece<br/>Selecting from dropdown value as : Insurance Agency<br/>Selecting from dropdown value as : 6-10<br/>Selecting from dropdown value as : I am a tech guy<br/>TC_02_Verify_auto_addressFillUp is Failed<br/>Click to see Screenshot<br/><a href=C:\Users\Plamen\eclipse-workspace\insly\screenshots\Tue_May_07_00_26_51_EEST_2019.png></a><br/><br>  <img src='C:\Users\Plamen\eclipse-workspace\insly\screenshots\Tue_May_07_00_26_51_EEST_2019.png' height='200' width='200' /><br><br/><a target="_blank" href=C:\Users\Plamen\eclipse-workspace\insly\screenshots\Tue_May_07_00_26_51_EEST_2019.png>Screenshot</a></div></td></tr><tr><th colspan="5">Exception</th></tr><tr><td colspan="5"><div class="stacktrace">com.assertthat.selenium_shutterbug.utils.image.UnableToCompareImagesException: Images dimensions mismatch: image1 - 3797x3755; image2 - 1898x1867
	at com.assertthat.selenium_shutterbug.utils.image.ImageProcessor.imagesAreEqualsWithDiff(ImageProcessor.java:155)
	at com.assertthat.selenium_shutterbug.core.Snapshot.equalsWithDiff(Snapshot.java:215)
	at insly.base.imageComparator(base.java:178)
	at inslyTests.TC_02_verify_AutoFillUp.TC_02_Verify_auto_addressFillUp(TC_02_verify_AutoFillUp.java:38)
... Removed 25 stack frames</div></td></tr></table><p class="totop"><a href="#summary">back to summary</a></p>
<h3 id="m2">inslyTests.TC_03_SignUp_and_Verify_URL#TC_03_SignUp_and_Verify_loginURL</h3><table class="result"><tr class="param"><th>Parameter #1</th><th>Parameter #2</th><th>Parameter #3</th><th>Parameter #4</th><th>Parameter #5</th><th>Parameter #6</th><th>Parameter #7</th><th>Parameter #8</th></tr><tr class="param stripe"><td>nswuposc</td><td>Greece</td><td>Insurance Agency</td><td>6-10</td><td>I am a tech guy</td><td>stvxzlwg@email.com</td><td>Some Manager</td><td>123456789</td></tr><tr><th colspan="8">Messages</th></tr><tr><td colspan="8"><div class="messages">Starting test method:TC_03_SignUp_and_Verify_loginURL<br/> Enter value : nswuposc<br/>Selecting from dropdown value as : Greece<br/>Selecting from dropdown value as : Insurance Agency<br/>Selecting from dropdown value as : 6-10<br/>Selecting from dropdown value as : I am a tech guy<br/> Enter value : stvxzlwg@email.com<br/>The generated String is  :stvxzlwg@email.com<br/> Enter value : Some Manager<br/> Enter value : 123456789<br/>The generated Secured Password from insly is  :Dw5-n7H-959-uMa<br/>All elements from Loading Page are Displayed<br/>TC_03_SignUp_and_Verify_loginURL is Failed<br/>Click to see Screenshot<br/><a href=C:\Users\Plamen\eclipse-workspace\insly\screenshots\Tue_May_07_00_27_34_EEST_2019.png></a><br/><br>  <img src='C:\Users\Plamen\eclipse-workspace\insly\screenshots\Tue_May_07_00_27_34_EEST_2019.png' height='200' width='200' /><br><br/><a target="_blank" href=C:\Users\Plamen\eclipse-workspace\insly\screenshots\Tue_May_07_00_27_34_EEST_2019.png>Screenshot</a></div></td></tr><tr><th colspan="8">Exception</th></tr><tr><td colspan="8"><div class="stacktrace">java.lang.AssertionError: expected [true] but found [false]
	at insly.base.URLverify(base.java:334)
	at inslyTests.TC_03_SignUp_and_Verify_URL.TC_03_SignUp_and_Verify_loginURL(TC_03_SignUp_and_Verify_URL.java:74)
... Removed 29 stack frames</div></td></tr></table><p class="totop"><a href="#summary">back to summary</a></p>
<h3 id="m3">inslyTests.TC_04_SignUp_and_verify_LogedIn_as_User#TC_04_SignUp_and_verify_LogedIn_as_User</h3><table class="result"><tr class="param"><th>Parameter #1</th><th>Parameter #2</th><th>Parameter #3</th><th>Parameter #4</th><th>Parameter #5</th><th>Parameter #6</th><th>Parameter #7</th><th>Parameter #8</th></tr><tr class="param stripe"><td>lsbziuiq</td><td>Greece</td><td>Insurance Agency</td><td>6-10</td><td>I am a tech guy</td><td>kcvnduiq@email.com</td><td>Some Manager</td><td>123456789</td></tr><tr><th colspan="8">Messages</th></tr><tr><td colspan="8"><div class="messages">Starting test method:TC_04_SignUp_and_verify_LogedIn_as_User<br/> Enter value : lsbziuiq<br/>Selecting from dropdown value as : Greece<br/>Selecting from dropdown value as : Insurance Agency<br/>Selecting from dropdown value as : 6-10<br/>Selecting from dropdown value as : I am a tech guy<br/> Enter value : kcvnduiq@email.com<br/>The generated String is  :kcvnduiq@email.com<br/> Enter value : Some Manager<br/> Enter value : 123456789<br/>The generated Secured Password from insly is  :BTt-Xc4-egB-QrM<br/>All elements from Loading Page are Displayed<br/>TC_04_SignUp_and_verify_LogedIn_as_User is Failed<br/>Click to see Screenshot<br/><a href=C:\Users\Plamen\eclipse-workspace\insly\screenshots\Tue_May_07_00_28_24_EEST_2019.png></a><br/><br>  <img src='C:\Users\Plamen\eclipse-workspace\insly\screenshots\Tue_May_07_00_28_24_EEST_2019.png' height='200' width='200' /><br><br/><a target="_blank" href=C:\Users\Plamen\eclipse-workspace\insly\screenshots\Tue_May_07_00_28_24_EEST_2019.png>Screenshot</a></div></td></tr><tr><th colspan="8">Exception</th></tr><tr><td colspan="8"><div class="stacktrace">java.lang.AssertionError: expected [true] but found [false]
	at insly.base.URLverify(base.java:334)
	at inslyTests.TC_04_SignUp_and_verify_LogedIn_as_User.TC_04_SignUp_and_verify_LogedIn_as_User(TC_04_SignUp_and_verify_LogedIn_as_User.java:82)
... Removed 29 stack frames</div></td></tr></table><p class="totop"><a href="#summary">back to summary</a></p>
<h3 id="m4">inslyTests.TC_07_SignUp_and_Login#TC_07_SignUp_and_Login</h3><table class="result"><tr class="param"><th>Parameter #1</th><th>Parameter #2</th><th>Parameter #3</th><th>Parameter #4</th><th>Parameter #5</th><th>Parameter #6</th><th>Parameter #7</th><th>Parameter #8</th></tr><tr class="param stripe"><td>flqeqqix</td><td>Greece</td><td>Insurance Agency</td><td>6-10</td><td>I am a tech guy</td><td>dceolyeo@email.com</td><td>Some Manager</td><td>123456789</td></tr><tr><th colspan="8">Messages</th></tr><tr><td colspan="8"><div class="messages">Starting test method:TC_07_SignUp_and_Login<br/> Enter value : flqeqqix<br/>Selecting from dropdown value as : Greece<br/>Selecting from dropdown value as : Insurance Agency<br/>Selecting from dropdown value as : 6-10<br/>Selecting from dropdown value as : I am a tech guy<br/> Enter value : dceolyeo@email.com<br/>The generated String is  :dceolyeo@email.com<br/> Enter value : Some Manager<br/> Enter value : 123456789<br/>The generated Secured Password from insly is  :8L6-y1t-37G-pRm<br/>All elements from Loading Page are Displayed<br/>TC_07_SignUp_and_Login is Failed<br/>Click to see Screenshot<br/><a href=C:\Users\Plamen\eclipse-workspace\insly\screenshots\Tue_May_07_00_29_57_EEST_2019.png></a><br/><br>  <img src='C:\Users\Plamen\eclipse-workspace\insly\screenshots\Tue_May_07_00_29_57_EEST_2019.png' height='200' width='200' /><br><br/><a target="_blank" href=C:\Users\Plamen\eclipse-workspace\insly\screenshots\Tue_May_07_00_29_57_EEST_2019.png>Screenshot</a></div></td></tr><tr><th colspan="8">Exception</th></tr><tr><td colspan="8"><div class="stacktrace">java.lang.AssertionError: expected [true] but found [false]
	at insly.base.URLverify(base.java:334)
	at inslyTests.TC_07_SignUp_and_Login.TC_07_SignUp_and_Login(TC_07_SignUp_and_Login.java:76)
... Removed 29 stack frames</div></td></tr></table><p class="totop"><a href="#summary">back to summary</a></p>
<h3 id="m5">inslyTests.TC_05_SignUpForm_ErrorMessages#TC_05_VerifyFieldsErrorMessages</h3><table class="result"><tr><th>Messages</th></tr><tr><td><div class="messages">Starting test method:TC_05_VerifyFieldsErrorMessages<br/>Text : Please enter your company name here. - is Verified<br/>Text : Please choose an address for your Insly database. - is Verified<br/>Text : Please enter your e-mail address here. - is Verified<br/>Text : Please enter your name here. - is Verified<br/>Text : This does not appear to be a valid phone number. - is Verified<br/>TC_05_VerifyFieldsErrorMessages is Passed</div></td></tr></table><p class="totop"><a href="#summary">back to summary</a></p>
<h3 id="m6">inslyTests.TC_06_SignUpForm_ErrorMessages2#TC_06_SignUpForm_ErrorMessages2</h3><table class="result"><tr class="param"><th>Parameter #1</th><th>Parameter #2</th><th>Parameter #3</th><th>Parameter #4</th><th>Parameter #5</th><th>Parameter #6</th><th>Parameter #7</th><th>Parameter #8</th></tr><tr class="param stripe"><td>qw</td><td>Greece</td><td>Insurance Agency</td><td>6-10</td><td>I am a tech guy</td><td>qw</td><td>qw</td><td>1</td></tr><tr><th colspan="8">Messages</th></tr><tr><td colspan="8"><div class="messages">Starting test method:TC_06_SignUpForm_ErrorMessages2<br/> Enter value : qw<br/>Selecting from dropdown value as : Greece<br/>Selecting from dropdown value as : Insurance Agency<br/>Selecting from dropdown value as : 6-10<br/>Selecting from dropdown value as : I am a tech guy<br/> Enter value : qw<br/>The generated String is  :qw<br/> Enter value : qw<br/> Enter value : 1<br/>Text : The company name must be at least 3 characters long. - is Verified<br/> Enter value : qw<br/>Text : The address tag must be at least 3 characters long. - is Verified<br/>Text : This does not appear to be a valid e-mail address. - is Verified<br/>Text : Please enter your full name. - is Verified<br/>Text : This does not appear to be a valid phone number. - is Verified<br/>TC_06_SignUpForm_ErrorMessages2 is Passed</div></td></tr></table><p class="totop"><a href="#summary">back to summary</a></p>
</body>
</html>
