<?xml version="1.0" encoding="UTF-8"?>
<testng-results skipped="0" failed="5" ignored="12" total="19" passed="2">
  <reporter-output>
    <line>
      <![CDATA[Suite detected:  Insly Suite]]>
    </line>
    <line>
      <![CDATA[Test  detected: Insly Test]]>
    </line>
    <line>
      <![CDATA[Class detected: inslyTests.TC_01_verify_Title_and_Form]]>
    </line>
    <line>
      <![CDATA[Class detected: inslyTests.TC_02_verify_AutoFillUp]]>
    </line>
    <line>
      <![CDATA[Class detected: inslyTests.TC_03_SignUp_and_Verify_URL]]>
    </line>
    <line>
      <![CDATA[Class detected: inslyTests.TC_04_SignUp_and_verify_LogedIn_as_User]]>
    </line>
    <line>
      <![CDATA[Class detected: inslyTests.TC_05_SignUpForm_ErrorMessages]]>
    </line>
    <line>
      <![CDATA[Class detected: inslyTests.TC_06_SignUpForm_ErrorMessages2]]>
    </line>
    <line>
      <![CDATA[Class detected: inslyTests.TC_07_SignUp_and_Login]]>
    </line>
    <line>
      <![CDATA[]]>
    </line>
    <line>
      <![CDATA[chrome is Initialised]]>
    </line>
    <line>
      <![CDATA[Successfully opened url 'https://signup.int.staging.insly.training/signup']]>
    </line>
    <line>
      <![CDATA[Starting test method:TC_01_titleCheck_and_FormVerify]]>
    </line>
    <line>
      <![CDATA[URL is Verified]]>
    </line>
    <line>
      <![CDATA[Page title  is Verified]]>
    </line>
    <line>
      <![CDATA[ Enter value : ]]>
    </line>
    <line>
      <![CDATA[ Enter value : ]]>
    </line>
    <line>
      <![CDATA[ Enter value : ]]>
    </line>
    <line>
      <![CDATA[ Enter value : ]]>
    </line>
    <line>
      <![CDATA[ Enter value : ]]>
    </line>
    <line>
      <![CDATA[ Enter value : ]]>
    </line>
    <line>
      <![CDATA[Text : You can invite your colleagues from here and they will get their own user access to your Company account - is Verified]]>
    </line>
    <line>
      <![CDATA[All elements on Signup page are Displayed]]>
    </line>
    <line>
      <![CDATA[TC_01_titleCheck_and_FormVerify is Failed]]>
    </line>
    <line>
      <![CDATA[Click to see Screenshot]]>
    </line>
    <line>
      <![CDATA[<a href=C:\Users\Plamen\eclipse-workspace\insly\screenshots\Tue_May_07_00_26_23_EEST_2019.png></a>]]>
    </line>
    <line>
      <![CDATA[<br>  <img src='C:\Users\Plamen\eclipse-workspace\insly\screenshots\Tue_May_07_00_26_23_EEST_2019.png' height='200' width='200' /><br>]]>
    </line>
    <line>
      <![CDATA[<a target="_blank" href=C:\Users\Plamen\eclipse-workspace\insly\screenshots\Tue_May_07_00_26_23_EEST_2019.png>Screenshot</a>]]>
    </line>
    <line>
      <![CDATA[chrome is Initialised]]>
    </line>
    <line>
      <![CDATA[Successfully opened url 'https://signup.int.staging.insly.training/signup']]>
    </line>
    <line>
      <![CDATA[URL is Verified]]>
    </line>
    <line>
      <![CDATA[Page title  is Verified]]>
    </line>
    <line>
      <![CDATA[ Enter value : ]]>
    </line>
    <line>
      <![CDATA[ Enter value : ]]>
    </line>
    <line>
      <![CDATA[ Enter value : ]]>
    </line>
    <line>
      <![CDATA[ Enter value : ]]>
    </line>
    <line>
      <![CDATA[ Enter value : ]]>
    </line>
    <line>
      <![CDATA[ Enter value : ]]>
    </line>
    <line>
      <![CDATA[Text : You can invite your colleagues from here and they will get their own user access to your Company account - is Verified]]>
    </line>
    <line>
      <![CDATA[All elements on Signup page are Displayed]]>
    </line>
    <line>
      <![CDATA[Starting test method:TC_02_Verify_auto_addressFillUp]]>
    </line>
    <line>
      <![CDATA[ Enter value : myFirstTestCompanyName]]>
    </line>
    <line>
      <![CDATA[Selecting from dropdown value as : Greece]]>
    </line>
    <line>
      <![CDATA[Selecting from dropdown value as : Insurance Agency]]>
    </line>
    <line>
      <![CDATA[Selecting from dropdown value as : 6-10]]>
    </line>
    <line>
      <![CDATA[Selecting from dropdown value as : I am a tech guy]]>
    </line>
    <line>
      <![CDATA[TC_02_Verify_auto_addressFillUp is Failed]]>
    </line>
    <line>
      <![CDATA[Click to see Screenshot]]>
    </line>
    <line>
      <![CDATA[<a href=C:\Users\Plamen\eclipse-workspace\insly\screenshots\Tue_May_07_00_26_51_EEST_2019.png></a>]]>
    </line>
    <line>
      <![CDATA[<br>  <img src='C:\Users\Plamen\eclipse-workspace\insly\screenshots\Tue_May_07_00_26_51_EEST_2019.png' height='200' width='200' /><br>]]>
    </line>
    <line>
      <![CDATA[<a target="_blank" href=C:\Users\Plamen\eclipse-workspace\insly\screenshots\Tue_May_07_00_26_51_EEST_2019.png>Screenshot</a>]]>
    </line>
    <line>
      <![CDATA[chrome is Initialised]]>
    </line>
    <line>
      <![CDATA[The generated String is  :nswuposc]]>
    </line>
    <line>
      <![CDATA[Successfully opened url 'https://signup.int.staging.insly.training/signup']]>
    </line>
    <line>
      <![CDATA[URL is Verified]]>
    </line>
    <line>
      <![CDATA[Page title  is Verified]]>
    </line>
    <line>
      <![CDATA[ Enter value : ]]>
    </line>
    <line>
      <![CDATA[ Enter value : ]]>
    </line>
    <line>
      <![CDATA[ Enter value : ]]>
    </line>
    <line>
      <![CDATA[ Enter value : ]]>
    </line>
    <line>
      <![CDATA[ Enter value : ]]>
    </line>
    <line>
      <![CDATA[ Enter value : ]]>
    </line>
    <line>
      <![CDATA[Text : You can invite your colleagues from here and they will get their own user access to your Company account - is Verified]]>
    </line>
    <line>
      <![CDATA[All elements on Signup page are Displayed]]>
    </line>
    <line>
      <![CDATA[Starting test method:TC_03_SignUp_and_Verify_loginURL]]>
    </line>
    <line>
      <![CDATA[ Enter value : nswuposc]]>
    </line>
    <line>
      <![CDATA[Selecting from dropdown value as : Greece]]>
    </line>
    <line>
      <![CDATA[Selecting from dropdown value as : Insurance Agency]]>
    </line>
    <line>
      <![CDATA[Selecting from dropdown value as : 6-10]]>
    </line>
    <line>
      <![CDATA[Selecting from dropdown value as : I am a tech guy]]>
    </line>
    <line>
      <![CDATA[ Enter value : stvxzlwg@email.com]]>
    </line>
    <line>
      <![CDATA[The generated String is  :stvxzlwg@email.com]]>
    </line>
    <line>
      <![CDATA[ Enter value : Some Manager]]>
    </line>
    <line>
      <![CDATA[ Enter value : 123456789]]>
    </line>
    <line>
      <![CDATA[The generated Secured Password from insly is  :Dw5-n7H-959-uMa]]>
    </line>
    <line>
      <![CDATA[All elements from Loading Page are Displayed]]>
    </line>
    <line>
      <![CDATA[TC_03_SignUp_and_Verify_loginURL is Failed]]>
    </line>
    <line>
      <![CDATA[Click to see Screenshot]]>
    </line>
    <line>
      <![CDATA[<a href=C:\Users\Plamen\eclipse-workspace\insly\screenshots\Tue_May_07_00_27_34_EEST_2019.png></a>]]>
    </line>
    <line>
      <![CDATA[<br>  <img src='C:\Users\Plamen\eclipse-workspace\insly\screenshots\Tue_May_07_00_27_34_EEST_2019.png' height='200' width='200' /><br>]]>
    </line>
    <line>
      <![CDATA[<a target="_blank" href=C:\Users\Plamen\eclipse-workspace\insly\screenshots\Tue_May_07_00_27_34_EEST_2019.png>Screenshot</a>]]>
    </line>
    <line>
      <![CDATA[chrome is Initialised]]>
    </line>
    <line>
      <![CDATA[The generated String is  :lsbziuiq]]>
    </line>
    <line>
      <![CDATA[Successfully opened url 'https://signup.int.staging.insly.training/signup']]>
    </line>
    <line>
      <![CDATA[URL is Verified]]>
    </line>
    <line>
      <![CDATA[Page title  is Verified]]>
    </line>
    <line>
      <![CDATA[ Enter value : ]]>
    </line>
    <line>
      <![CDATA[ Enter value : ]]>
    </line>
    <line>
      <![CDATA[ Enter value : ]]>
    </line>
    <line>
      <![CDATA[ Enter value : ]]>
    </line>
    <line>
      <![CDATA[ Enter value : ]]>
    </line>
    <line>
      <![CDATA[ Enter value : ]]>
    </line>
    <line>
      <![CDATA[Text : You can invite your colleagues from here and they will get their own user access to your Company account - is Verified]]>
    </line>
    <line>
      <![CDATA[All elements on Signup page are Displayed]]>
    </line>
    <line>
      <![CDATA[Starting test method:TC_04_SignUp_and_verify_LogedIn_as_User]]>
    </line>
    <line>
      <![CDATA[ Enter value : lsbziuiq]]>
    </line>
    <line>
      <![CDATA[Selecting from dropdown value as : Greece]]>
    </line>
    <line>
      <![CDATA[Selecting from dropdown value as : Insurance Agency]]>
    </line>
    <line>
      <![CDATA[Selecting from dropdown value as : 6-10]]>
    </line>
    <line>
      <![CDATA[Selecting from dropdown value as : I am a tech guy]]>
    </line>
    <line>
      <![CDATA[ Enter value : kcvnduiq@email.com]]>
    </line>
    <line>
      <![CDATA[The generated String is  :kcvnduiq@email.com]]>
    </line>
    <line>
      <![CDATA[ Enter value : Some Manager]]>
    </line>
    <line>
      <![CDATA[ Enter value : 123456789]]>
    </line>
    <line>
      <![CDATA[The generated Secured Password from insly is  :BTt-Xc4-egB-QrM]]>
    </line>
    <line>
      <![CDATA[All elements from Loading Page are Displayed]]>
    </line>
    <line>
      <![CDATA[TC_04_SignUp_and_verify_LogedIn_as_User is Failed]]>
    </line>
    <line>
      <![CDATA[Click to see Screenshot]]>
    </line>
    <line>
      <![CDATA[<a href=C:\Users\Plamen\eclipse-workspace\insly\screenshots\Tue_May_07_00_28_24_EEST_2019.png></a>]]>
    </line>
    <line>
      <![CDATA[<br>  <img src='C:\Users\Plamen\eclipse-workspace\insly\screenshots\Tue_May_07_00_28_24_EEST_2019.png' height='200' width='200' /><br>]]>
    </line>
    <line>
      <![CDATA[<a target="_blank" href=C:\Users\Plamen\eclipse-workspace\insly\screenshots\Tue_May_07_00_28_24_EEST_2019.png>Screenshot</a>]]>
    </line>
    <line>
      <![CDATA[chrome is Initialised]]>
    </line>
    <line>
      <![CDATA[Successfully opened url 'https://signup.int.staging.insly.training/signup']]>
    </line>
    <line>
      <![CDATA[URL is Verified]]>
    </line>
    <line>
      <![CDATA[Page title  is Verified]]>
    </line>
    <line>
      <![CDATA[ Enter value : ]]>
    </line>
    <line>
      <![CDATA[ Enter value : ]]>
    </line>
    <line>
      <![CDATA[ Enter value : ]]>
    </line>
    <line>
      <![CDATA[ Enter value : ]]>
    </line>
    <line>
      <![CDATA[ Enter value : ]]>
    </line>
    <line>
      <![CDATA[ Enter value : ]]>
    </line>
    <line>
      <![CDATA[Text : You can invite your colleagues from here and they will get their own user access to your Company account - is Verified]]>
    </line>
    <line>
      <![CDATA[All elements on Signup page are Displayed]]>
    </line>
    <line>
      <![CDATA[Starting test method:TC_05_VerifyFieldsErrorMessages]]>
    </line>
    <line>
      <![CDATA[Text : Please enter your company name here. - is Verified]]>
    </line>
    <line>
      <![CDATA[Text : Please choose an address for your Insly database. - is Verified]]>
    </line>
    <line>
      <![CDATA[Text : Please enter your e-mail address here. - is Verified]]>
    </line>
    <line>
      <![CDATA[Text : Please enter your name here. - is Verified]]>
    </line>
    <line>
      <![CDATA[Text : This does not appear to be a valid phone number. - is Verified]]>
    </line>
    <line>
      <![CDATA[TC_05_VerifyFieldsErrorMessages is Passed]]>
    </line>
    <line>
      <![CDATA[chrome is Initialised]]>
    </line>
    <line>
      <![CDATA[Successfully opened url 'https://signup.int.staging.insly.training/signup']]>
    </line>
    <line>
      <![CDATA[URL is Verified]]>
    </line>
    <line>
      <![CDATA[Page title  is Verified]]>
    </line>
    <line>
      <![CDATA[ Enter value : ]]>
    </line>
    <line>
      <![CDATA[ Enter value : ]]>
    </line>
    <line>
      <![CDATA[ Enter value : ]]>
    </line>
    <line>
      <![CDATA[ Enter value : ]]>
    </line>
    <line>
      <![CDATA[ Enter value : ]]>
    </line>
    <line>
      <![CDATA[ Enter value : ]]>
    </line>
    <line>
      <![CDATA[Text : You can invite your colleagues from here and they will get their own user access to your Company account - is Verified]]>
    </line>
    <line>
      <![CDATA[All elements on Signup page are Displayed]]>
    </line>
    <line>
      <![CDATA[Starting test method:TC_06_SignUpForm_ErrorMessages2]]>
    </line>
    <line>
      <![CDATA[ Enter value : qw]]>
    </line>
    <line>
      <![CDATA[Selecting from dropdown value as : Greece]]>
    </line>
    <line>
      <![CDATA[Selecting from dropdown value as : Insurance Agency]]>
    </line>
    <line>
      <![CDATA[Selecting from dropdown value as : 6-10]]>
    </line>
    <line>
      <![CDATA[Selecting from dropdown value as : I am a tech guy]]>
    </line>
    <line>
      <![CDATA[ Enter value : qw]]>
    </line>
    <line>
      <![CDATA[The generated String is  :qw]]>
    </line>
    <line>
      <![CDATA[ Enter value : qw]]>
    </line>
    <line>
      <![CDATA[ Enter value : 1]]>
    </line>
    <line>
      <![CDATA[Text : The company name must be at least 3 characters long. - is Verified]]>
    </line>
    <line>
      <![CDATA[ Enter value : qw]]>
    </line>
    <line>
      <![CDATA[Text : The address tag must be at least 3 characters long. - is Verified]]>
    </line>
    <line>
      <![CDATA[Text : This does not appear to be a valid e-mail address. - is Verified]]>
    </line>
    <line>
      <![CDATA[Text : Please enter your full name. - is Verified]]>
    </line>
    <line>
      <![CDATA[Text : This does not appear to be a valid phone number. - is Verified]]>
    </line>
    <line>
      <![CDATA[TC_06_SignUpForm_ErrorMessages2 is Passed]]>
    </line>
    <line>
      <![CDATA[chrome is Initialised]]>
    </line>
    <line>
      <![CDATA[The generated String is  :flqeqqix]]>
    </line>
    <line>
      <![CDATA[Successfully opened url 'https://signup.int.staging.insly.training/signup']]>
    </line>
    <line>
      <![CDATA[URL is Verified]]>
    </line>
    <line>
      <![CDATA[Page title  is Verified]]>
    </line>
    <line>
      <![CDATA[ Enter value : ]]>
    </line>
    <line>
      <![CDATA[ Enter value : ]]>
    </line>
    <line>
      <![CDATA[ Enter value : ]]>
    </line>
    <line>
      <![CDATA[ Enter value : ]]>
    </line>
    <line>
      <![CDATA[ Enter value : ]]>
    </line>
    <line>
      <![CDATA[ Enter value : ]]>
    </line>
    <line>
      <![CDATA[Text : You can invite your colleagues from here and they will get their own user access to your Company account - is Verified]]>
    </line>
    <line>
      <![CDATA[All elements on Signup page are Displayed]]>
    </line>
    <line>
      <![CDATA[Starting test method:TC_07_SignUp_and_Login]]>
    </line>
    <line>
      <![CDATA[ Enter value : flqeqqix]]>
    </line>
    <line>
      <![CDATA[Selecting from dropdown value as : Greece]]>
    </line>
    <line>
      <![CDATA[Selecting from dropdown value as : Insurance Agency]]>
    </line>
    <line>
      <![CDATA[Selecting from dropdown value as : 6-10]]>
    </line>
    <line>
      <![CDATA[Selecting from dropdown value as : I am a tech guy]]>
    </line>
    <line>
      <![CDATA[ Enter value : dceolyeo@email.com]]>
    </line>
    <line>
      <![CDATA[The generated String is  :dceolyeo@email.com]]>
    </line>
    <line>
      <![CDATA[ Enter value : Some Manager]]>
    </line>
    <line>
      <![CDATA[ Enter value : 123456789]]>
    </line>
    <line>
      <![CDATA[The generated Secured Password from insly is  :8L6-y1t-37G-pRm]]>
    </line>
    <line>
      <![CDATA[All elements from Loading Page are Displayed]]>
    </line>
    <line>
      <![CDATA[TC_07_SignUp_and_Login is Failed]]>
    </line>
    <line>
      <![CDATA[Click to see Screenshot]]>
    </line>
    <line>
      <![CDATA[<a href=C:\Users\Plamen\eclipse-workspace\insly\screenshots\Tue_May_07_00_29_57_EEST_2019.png></a>]]>
    </line>
    <line>
      <![CDATA[<br>  <img src='C:\Users\Plamen\eclipse-workspace\insly\screenshots\Tue_May_07_00_29_57_EEST_2019.png' height='200' width='200' /><br>]]>
    </line>
    <line>
      <![CDATA[<a target="_blank" href=C:\Users\Plamen\eclipse-workspace\insly\screenshots\Tue_May_07_00_29_57_EEST_2019.png>Screenshot</a>]]>
    </line>
    <line>
      <![CDATA[Driver quit]]>
    </line>
    <line>
      <![CDATA[Duration of Suite is : 247 sec.]]>
    </line>
  </reporter-output>
  <suite name=" Insly Suite" duration-ms="246723" started-at="2019-05-06T21:25:51Z" finished-at="2019-05-06T21:29:58Z">
    <groups>
    </groups>
    <test name="Insly Test" duration-ms="246723" started-at="2019-05-06T21:25:51Z" finished-at="2019-05-06T21:29:58Z">
      <class name="inslyTests.TC_07_SignUp_and_Login">
        <test-method status="PASS" signature="beforeClass()[pri:0, instance:inslyTests.TC_07_SignUp_and_Login@76329302]" name="beforeClass" is-config="true" duration-ms="12729" started-at="2019-05-06T21:29:16Z" finished-at="2019-05-06T21:29:29Z">
          <reporter-output>
            <line>
              <![CDATA[chrome is Initialised]]>
            </line>
          </reporter-output>
        </test-method> <!-- beforeClass -->
        <test-method status="PASS" signature="beforeTest()[pri:0, instance:inslyTests.TC_07_SignUp_and_Login@76329302]" name="beforeTest" is-config="true" duration-ms="5742" started-at="2019-05-06T21:29:29Z" finished-at="2019-05-06T21:29:35Z">
          <reporter-output>
            <line>
              <![CDATA[Successfully opened url 'https://signup.int.staging.insly.training/signup']]>
            </line>
            <line>
              <![CDATA[URL is Verified]]>
            </line>
            <line>
              <![CDATA[Page title  is Verified]]>
            </line>
            <line>
              <![CDATA[ Enter value : ]]>
            </line>
            <line>
              <![CDATA[ Enter value : ]]>
            </line>
            <line>
              <![CDATA[ Enter value : ]]>
            </line>
            <line>
              <![CDATA[ Enter value : ]]>
            </line>
            <line>
              <![CDATA[ Enter value : ]]>
            </line>
            <line>
              <![CDATA[ Enter value : ]]>
            </line>
            <line>
              <![CDATA[Text : You can invite your colleagues from here and they will get their own user access to your Company account - is Verified]]>
            </line>
            <line>
              <![CDATA[All elements on Signup page are Displayed]]>
            </line>
          </reporter-output>
        </test-method> <!-- beforeTest -->
        <test-method status="FAIL" signature="TC_07_SignUp_and_Login(java.lang.String, java.lang.String, java.lang.String, java.lang.String, java.lang.String, java.lang.String, java.lang.String, java.lang.String)[pri:0, instance:inslyTests.TC_07_SignUp_and_Login@76329302]" name="TC_07_SignUp_and_Login" duration-ms="22028" started-at="2019-05-06T21:29:35Z" description="SignUp_and_verify_LogedIn_as_User" data-provider="dataProviderOne" finished-at="2019-05-06T21:29:57Z">
          <params>
            <param index="0">
              <value>
                <![CDATA[flqeqqix]]>
              </value>
            </param>
            <param index="1">
              <value>
                <![CDATA[Greece]]>
              </value>
            </param>
            <param index="2">
              <value>
                <![CDATA[Insurance Agency]]>
              </value>
            </param>
            <param index="3">
              <value>
                <![CDATA[6-10]]>
              </value>
            </param>
            <param index="4">
              <value>
                <![CDATA[I am a tech guy]]>
              </value>
            </param>
            <param index="5">
              <value>
                <![CDATA[dceolyeo@email.com]]>
              </value>
            </param>
            <param index="6">
              <value>
                <![CDATA[Some Manager]]>
              </value>
            </param>
            <param index="7">
              <value>
                <![CDATA[123456789]]>
              </value>
            </param>
          </params>
          <exception class="java.lang.AssertionError">
            <message>
              <![CDATA[expected [true] but found [false]]]>
            </message>
            <full-stacktrace>
              <![CDATA[java.lang.AssertionError: expected [true] but found [false]
at org.testng.Assert.fail(Assert.java:96)
at org.testng.Assert.failNotEquals(Assert.java:776)
at org.testng.Assert.assertTrue(Assert.java:44)
at org.testng.Assert.assertTrue(Assert.java:54)
at insly.base.URLverify(base.java:334)
at inslyTests.TC_07_SignUp_and_Login.TC_07_SignUp_and_Login(TC_07_SignUp_and_Login.java:76)
at sun.reflect.NativeMethodAccessorImpl.invoke0(Native Method)
at sun.reflect.NativeMethodAccessorImpl.invoke(NativeMethodAccessorImpl.java:62)
at sun.reflect.DelegatingMethodAccessorImpl.invoke(DelegatingMethodAccessorImpl.java:43)
at java.lang.reflect.Method.invoke(Method.java:498)
at org.testng.internal.MethodInvocationHelper.invokeMethod(MethodInvocationHelper.java:124)
at org.testng.internal.Invoker.invokeMethod(Invoker.java:580)
at org.testng.internal.Invoker.invokeTestMethod(Invoker.java:716)
at org.testng.internal.Invoker.invokeTestMethods(Invoker.java:988)
at org.testng.internal.TestMethodWorker.invokeTestMethods(TestMethodWorker.java:125)
at org.testng.internal.TestMethodWorker.run(TestMethodWorker.java:109)
at org.testng.TestRunner.privateRun(TestRunner.java:648)
at org.testng.TestRunner.run(TestRunner.java:505)
at org.testng.SuiteRunner.runTest(SuiteRunner.java:455)
at org.testng.SuiteRunner.runSequentially(SuiteRunner.java:450)
at org.testng.SuiteRunner.privateRun(SuiteRunner.java:415)
at org.testng.SuiteRunner.run(SuiteRunner.java:364)
at org.testng.SuiteRunnerWorker.runSuite(SuiteRunnerWorker.java:52)
at org.testng.SuiteRunnerWorker.run(SuiteRunnerWorker.java:84)
at org.testng.TestNG.runSuitesSequentially(TestNG.java:1208)
at org.testng.TestNG.runSuitesLocally(TestNG.java:1137)
at org.testng.TestNG.runSuites(TestNG.java:1049)
at org.testng.TestNG.run(TestNG.java:1017)
at org.testng.remote.AbstractRemoteTestNG.run(AbstractRemoteTestNG.java:114)
at org.testng.remote.RemoteTestNG.initAndRun(RemoteTestNG.java:251)
at org.testng.remote.RemoteTestNG.main(RemoteTestNG.java:77)
]]>
            </full-stacktrace>
          </exception> <!-- java.lang.AssertionError -->
          <reporter-output>
            <line>
              <![CDATA[Starting test method:TC_07_SignUp_and_Login]]>
            </line>
            <line>
              <![CDATA[ Enter value : flqeqqix]]>
            </line>
            <line>
              <![CDATA[Selecting from dropdown value as : Greece]]>
            </line>
            <line>
              <![CDATA[Selecting from dropdown value as : Insurance Agency]]>
            </line>
            <line>
              <![CDATA[Selecting from dropdown value as : 6-10]]>
            </line>
            <line>
              <![CDATA[Selecting from dropdown value as : I am a tech guy]]>
            </line>
            <line>
              <![CDATA[ Enter value : dceolyeo@email.com]]>
            </line>
            <line>
              <![CDATA[The generated String is  :dceolyeo@email.com]]>
            </line>
            <line>
              <![CDATA[ Enter value : Some Manager]]>
            </line>
            <line>
              <![CDATA[ Enter value : 123456789]]>
            </line>
            <line>
              <![CDATA[The generated Secured Password from insly is  :8L6-y1t-37G-pRm]]>
            </line>
            <line>
              <![CDATA[All elements from Loading Page are Displayed]]>
            </line>
            <line>
              <![CDATA[TC_07_SignUp_and_Login is Failed]]>
            </line>
            <line>
              <![CDATA[Click to see Screenshot]]>
            </line>
            <line>
              <![CDATA[<a href=C:\Users\Plamen\eclipse-workspace\insly\screenshots\Tue_May_07_00_29_57_EEST_2019.png></a>]]>
            </line>
            <line>
              <![CDATA[<br>  <img src='C:\Users\Plamen\eclipse-workspace\insly\screenshots\Tue_May_07_00_29_57_EEST_2019.png' height='200' width='200' /><br>]]>
            </line>
            <line>
              <![CDATA[<a target="_blank" href=C:\Users\Plamen\eclipse-workspace\insly\screenshots\Tue_May_07_00_29_57_EEST_2019.png>Screenshot</a>]]>
            </line>
          </reporter-output>
        </test-method> <!-- TC_07_SignUp_and_Login -->
        <test-method status="PASS" signature="afterTest()[pri:0, instance:inslyTests.TC_07_SignUp_and_Login@76329302]" name="afterTest" is-config="true" duration-ms="0" started-at="2019-05-06T21:29:58Z" finished-at="2019-05-06T21:29:58Z">
          <reporter-output>
          </reporter-output>
        </test-method> <!-- afterTest -->
      </class> <!-- inslyTests.TC_07_SignUp_and_Login -->
      <class name="inslyTests.TC_05_SignUpForm_ErrorMessages">
        <test-method status="PASS" signature="beforeClass()[pri:0, instance:inslyTests.TC_05_SignUpForm_ErrorMessages@7fad8c79]" name="beforeClass" is-config="true" duration-ms="12612" started-at="2019-05-06T21:28:25Z" finished-at="2019-05-06T21:28:38Z">
          <reporter-output>
            <line>
              <![CDATA[chrome is Initialised]]>
            </line>
          </reporter-output>
        </test-method> <!-- beforeClass -->
        <test-method status="PASS" signature="beforeTest()[pri:0, instance:inslyTests.TC_05_SignUpForm_ErrorMessages@7fad8c79]" name="beforeTest" is-config="true" duration-ms="7556" started-at="2019-05-06T21:28:38Z" finished-at="2019-05-06T21:28:45Z">
          <reporter-output>
            <line>
              <![CDATA[Successfully opened url 'https://signup.int.staging.insly.training/signup']]>
            </line>
            <line>
              <![CDATA[URL is Verified]]>
            </line>
            <line>
              <![CDATA[Page title  is Verified]]>
            </line>
            <line>
              <![CDATA[ Enter value : ]]>
            </line>
            <line>
              <![CDATA[ Enter value : ]]>
            </line>
            <line>
              <![CDATA[ Enter value : ]]>
            </line>
            <line>
              <![CDATA[ Enter value : ]]>
            </line>
            <line>
              <![CDATA[ Enter value : ]]>
            </line>
            <line>
              <![CDATA[ Enter value : ]]>
            </line>
            <line>
              <![CDATA[Text : You can invite your colleagues from here and they will get their own user access to your Company account - is Verified]]>
            </line>
            <line>
              <![CDATA[All elements on Signup page are Displayed]]>
            </line>
          </reporter-output>
        </test-method> <!-- beforeTest -->
        <test-method status="PASS" signature="TC_05_VerifyFieldsErrorMessages()[pri:0, instance:inslyTests.TC_05_SignUpForm_ErrorMessages@7fad8c79]" name="TC_05_VerifyFieldsErrorMessages" duration-ms="2367" started-at="2019-05-06T21:28:45Z" description="Verify correct Error messages are Displayed and CorrectText if no data is entered in the fields" finished-at="2019-05-06T21:28:48Z">
          <reporter-output>
            <line>
              <![CDATA[Starting test method:TC_05_VerifyFieldsErrorMessages]]>
            </line>
            <line>
              <![CDATA[Text : Please enter your company name here. - is Verified]]>
            </line>
            <line>
              <![CDATA[Text : Please choose an address for your Insly database. - is Verified]]>
            </line>
            <line>
              <![CDATA[Text : Please enter your e-mail address here. - is Verified]]>
            </line>
            <line>
              <![CDATA[Text : Please enter your name here. - is Verified]]>
            </line>
            <line>
              <![CDATA[Text : This does not appear to be a valid phone number. - is Verified]]>
            </line>
            <line>
              <![CDATA[TC_05_VerifyFieldsErrorMessages is Passed]]>
            </line>
          </reporter-output>
        </test-method> <!-- TC_05_VerifyFieldsErrorMessages -->
        <test-method status="PASS" signature="afterTest()[pri:0, instance:inslyTests.TC_05_SignUpForm_ErrorMessages@7fad8c79]" name="afterTest" is-config="true" duration-ms="1" started-at="2019-05-06T21:28:48Z" finished-at="2019-05-06T21:28:48Z">
          <reporter-output>
          </reporter-output>
        </test-method> <!-- afterTest -->
      </class> <!-- inslyTests.TC_05_SignUpForm_ErrorMessages -->
      <class name="inslyTests.TC_02_verify_AutoFillUp">
        <test-method status="PASS" signature="beforeClass()[pri:0, instance:inslyTests.TC_02_verify_AutoFillUp@701fc37a]" name="beforeClass" is-config="true" duration-ms="13840" started-at="2019-05-06T21:26:25Z" finished-at="2019-05-06T21:26:39Z">
          <reporter-output>
            <line>
              <![CDATA[chrome is Initialised]]>
            </line>
          </reporter-output>
        </test-method> <!-- beforeClass -->
        <test-method status="PASS" signature="beforeTest()[pri:0, instance:inslyTests.TC_02_verify_AutoFillUp@701fc37a]" name="beforeTest" is-config="true" duration-ms="7112" started-at="2019-05-06T21:26:39Z" finished-at="2019-05-06T21:26:46Z">
          <reporter-output>
            <line>
              <![CDATA[Successfully opened url 'https://signup.int.staging.insly.training/signup']]>
            </line>
            <line>
              <![CDATA[URL is Verified]]>
            </line>
            <line>
              <![CDATA[Page title  is Verified]]>
            </line>
            <line>
              <![CDATA[ Enter value : ]]>
            </line>
            <line>
              <![CDATA[ Enter value : ]]>
            </line>
            <line>
              <![CDATA[ Enter value : ]]>
            </line>
            <line>
              <![CDATA[ Enter value : ]]>
            </line>
            <line>
              <![CDATA[ Enter value : ]]>
            </line>
            <line>
              <![CDATA[ Enter value : ]]>
            </line>
            <line>
              <![CDATA[Text : You can invite your colleagues from here and they will get their own user access to your Company account - is Verified]]>
            </line>
            <line>
              <![CDATA[All elements on Signup page are Displayed]]>
            </line>
          </reporter-output>
        </test-method> <!-- beforeTest -->
        <test-method status="FAIL" signature="TC_02_Verify_auto_addressFillUp(java.lang.String, java.lang.String, java.lang.String, java.lang.String, java.lang.String)[pri:0, instance:inslyTests.TC_02_verify_AutoFillUp@701fc37a]" name="TC_02_Verify_auto_addressFillUp" duration-ms="5120" started-at="2019-05-06T21:26:46Z" description="Verify the autfillup in the &#039;your insly address&#039; field and other fields working" data-provider="dataProviderOne" finished-at="2019-05-06T21:26:51Z">
          <params>
            <param index="0">
              <value>
                <![CDATA[myFirstTestCompanyName]]>
              </value>
            </param>
            <param index="1">
              <value>
                <![CDATA[Greece]]>
              </value>
            </param>
            <param index="2">
              <value>
                <![CDATA[Insurance Agency]]>
              </value>
            </param>
            <param index="3">
              <value>
                <![CDATA[6-10]]>
              </value>
            </param>
            <param index="4">
              <value>
                <![CDATA[I am a tech guy]]>
              </value>
            </param>
          </params>
          <exception class="com.assertthat.selenium_shutterbug.utils.image.UnableToCompareImagesException">
            <message>
              <![CDATA[Images dimensions mismatch: image1 - 3797x3755; image2 - 1898x1867]]>
            </message>
            <full-stacktrace>
              <![CDATA[com.assertthat.selenium_shutterbug.utils.image.UnableToCompareImagesException: Images dimensions mismatch: image1 - 3797x3755; image2 - 1898x1867
at com.assertthat.selenium_shutterbug.utils.image.ImageProcessor.imagesAreEqualsWithDiff(ImageProcessor.java:155)
at com.assertthat.selenium_shutterbug.core.Snapshot.equalsWithDiff(Snapshot.java:215)
at insly.base.imageComparator(base.java:178)
at inslyTests.TC_02_verify_AutoFillUp.TC_02_Verify_auto_addressFillUp(TC_02_verify_AutoFillUp.java:38)
at sun.reflect.NativeMethodAccessorImpl.invoke0(Native Method)
at sun.reflect.NativeMethodAccessorImpl.invoke(NativeMethodAccessorImpl.java:62)
at sun.reflect.DelegatingMethodAccessorImpl.invoke(DelegatingMethodAccessorImpl.java:43)
at java.lang.reflect.Method.invoke(Method.java:498)
at org.testng.internal.MethodInvocationHelper.invokeMethod(MethodInvocationHelper.java:124)
at org.testng.internal.Invoker.invokeMethod(Invoker.java:580)
at org.testng.internal.Invoker.invokeTestMethod(Invoker.java:716)
at org.testng.internal.Invoker.invokeTestMethods(Invoker.java:988)
at org.testng.internal.TestMethodWorker.invokeTestMethods(TestMethodWorker.java:125)
at org.testng.internal.TestMethodWorker.run(TestMethodWorker.java:109)
at org.testng.TestRunner.privateRun(TestRunner.java:648)
at org.testng.TestRunner.run(TestRunner.java:505)
at org.testng.SuiteRunner.runTest(SuiteRunner.java:455)
at org.testng.SuiteRunner.runSequentially(SuiteRunner.java:450)
at org.testng.SuiteRunner.privateRun(SuiteRunner.java:415)
at org.testng.SuiteRunner.run(SuiteRunner.java:364)
at org.testng.SuiteRunnerWorker.runSuite(SuiteRunnerWorker.java:52)
at org.testng.SuiteRunnerWorker.run(SuiteRunnerWorker.java:84)
at org.testng.TestNG.runSuitesSequentially(TestNG.java:1208)
at org.testng.TestNG.runSuitesLocally(TestNG.java:1137)
at org.testng.TestNG.runSuites(TestNG.java:1049)
at org.testng.TestNG.run(TestNG.java:1017)
at org.testng.remote.AbstractRemoteTestNG.run(AbstractRemoteTestNG.java:114)
at org.testng.remote.RemoteTestNG.initAndRun(RemoteTestNG.java:251)
at org.testng.remote.RemoteTestNG.main(RemoteTestNG.java:77)
]]>
            </full-stacktrace>
          </exception> <!-- com.assertthat.selenium_shutterbug.utils.image.UnableToCompareImagesException -->
          <reporter-output>
            <line>
              <![CDATA[Starting test method:TC_02_Verify_auto_addressFillUp]]>
            </line>
            <line>
              <![CDATA[ Enter value : myFirstTestCompanyName]]>
            </line>
            <line>
              <![CDATA[Selecting from dropdown value as : Greece]]>
            </line>
            <line>
              <![CDATA[Selecting from dropdown value as : Insurance Agency]]>
            </line>
            <line>
              <![CDATA[Selecting from dropdown value as : 6-10]]>
            </line>
            <line>
              <![CDATA[Selecting from dropdown value as : I am a tech guy]]>
            </line>
            <line>
              <![CDATA[TC_02_Verify_auto_addressFillUp is Failed]]>
            </line>
            <line>
              <![CDATA[Click to see Screenshot]]>
            </line>
            <line>
              <![CDATA[<a href=C:\Users\Plamen\eclipse-workspace\insly\screenshots\Tue_May_07_00_26_51_EEST_2019.png></a>]]>
            </line>
            <line>
              <![CDATA[<br>  <img src='C:\Users\Plamen\eclipse-workspace\insly\screenshots\Tue_May_07_00_26_51_EEST_2019.png' height='200' width='200' /><br>]]>
            </line>
            <line>
              <![CDATA[<a target="_blank" href=C:\Users\Plamen\eclipse-workspace\insly\screenshots\Tue_May_07_00_26_51_EEST_2019.png>Screenshot</a>]]>
            </line>
          </reporter-output>
        </test-method> <!-- TC_02_Verify_auto_addressFillUp -->
        <test-method status="PASS" signature="afterTest()[pri:0, instance:inslyTests.TC_02_verify_AutoFillUp@701fc37a]" name="afterTest" is-config="true" duration-ms="0" started-at="2019-05-06T21:26:53Z" finished-at="2019-05-06T21:26:53Z">
          <reporter-output>
          </reporter-output>
        </test-method> <!-- afterTest -->
      </class> <!-- inslyTests.TC_02_verify_AutoFillUp -->
      <class name="inslyTests.TC_01_verify_Title_and_Form">
        <test-method status="PASS" signature="beforeSuite()[pri:0, instance:inslyTests.TC_01_verify_Title_and_Form@365c30cc]" name="beforeSuite" is-config="true" duration-ms="12" started-at="2019-05-06T21:25:51Z" finished-at="2019-05-06T21:25:51Z">
          <reporter-output>
            <line>
              <![CDATA[]]>
            </line>
          </reporter-output>
        </test-method> <!-- beforeSuite -->
        <test-method status="PASS" signature="beforeClass()[pri:0, instance:inslyTests.TC_01_verify_Title_and_Form@365c30cc]" name="beforeClass" is-config="true" duration-ms="13906" started-at="2019-05-06T21:25:51Z" finished-at="2019-05-06T21:26:05Z">
          <reporter-output>
            <line>
              <![CDATA[chrome is Initialised]]>
            </line>
          </reporter-output>
        </test-method> <!-- beforeClass -->
        <test-method status="PASS" signature="beforeTest()[pri:0, instance:inslyTests.TC_01_verify_Title_and_Form@365c30cc]" name="beforeTest" is-config="true" duration-ms="3399" started-at="2019-05-06T21:26:05Z" finished-at="2019-05-06T21:26:08Z">
          <reporter-output>
            <line>
              <![CDATA[Successfully opened url 'https://signup.int.staging.insly.training/signup']]>
            </line>
          </reporter-output>
        </test-method> <!-- beforeTest -->
        <test-method status="FAIL" signature="TC_01_titleCheck_and_FormVerify()[pri:0, instance:inslyTests.TC_01_verify_Title_and_Form@365c30cc]" name="TC_01_titleCheck_and_FormVerify" duration-ms="14119" started-at="2019-05-06T21:26:08Z" description="TC01 asserts&#039;Sign up and start using&#039; is showen and the form looks accordig the image 0" finished-at="2019-05-06T21:26:23Z">
          <exception class="com.assertthat.selenium_shutterbug.utils.image.UnableToCompareImagesException">
            <message>
              <![CDATA[Images dimensions mismatch: image1 - 3797x3755; image2 - 1898x1867]]>
            </message>
            <full-stacktrace>
              <![CDATA[com.assertthat.selenium_shutterbug.utils.image.UnableToCompareImagesException: Images dimensions mismatch: image1 - 3797x3755; image2 - 1898x1867
at com.assertthat.selenium_shutterbug.utils.image.ImageProcessor.imagesAreEqualsWithDiff(ImageProcessor.java:155)
at com.assertthat.selenium_shutterbug.core.Snapshot.equalsWithDiff(Snapshot.java:215)
at insly.base.imageComparator(base.java:178)
at inslyTests.TC_01_verify_Title_and_Form.TC_01_titleCheck_and_FormVerify(TC_01_verify_Title_and_Form.java:43)
at sun.reflect.NativeMethodAccessorImpl.invoke0(Native Method)
at sun.reflect.NativeMethodAccessorImpl.invoke(NativeMethodAccessorImpl.java:62)
at sun.reflect.DelegatingMethodAccessorImpl.invoke(DelegatingMethodAccessorImpl.java:43)
at java.lang.reflect.Method.invoke(Method.java:498)
at org.testng.internal.MethodInvocationHelper.invokeMethod(MethodInvocationHelper.java:124)
at org.testng.internal.Invoker.invokeMethod(Invoker.java:580)
at org.testng.internal.Invoker.invokeTestMethod(Invoker.java:716)
at org.testng.internal.Invoker.invokeTestMethods(Invoker.java:988)
at org.testng.internal.TestMethodWorker.invokeTestMethods(TestMethodWorker.java:125)
at org.testng.internal.TestMethodWorker.run(TestMethodWorker.java:109)
at org.testng.TestRunner.privateRun(TestRunner.java:648)
at org.testng.TestRunner.run(TestRunner.java:505)
at org.testng.SuiteRunner.runTest(SuiteRunner.java:455)
at org.testng.SuiteRunner.runSequentially(SuiteRunner.java:450)
at org.testng.SuiteRunner.privateRun(SuiteRunner.java:415)
at org.testng.SuiteRunner.run(SuiteRunner.java:364)
at org.testng.SuiteRunnerWorker.runSuite(SuiteRunnerWorker.java:52)
at org.testng.SuiteRunnerWorker.run(SuiteRunnerWorker.java:84)
at org.testng.TestNG.runSuitesSequentially(TestNG.java:1208)
at org.testng.TestNG.runSuitesLocally(TestNG.java:1137)
at org.testng.TestNG.runSuites(TestNG.java:1049)
at org.testng.TestNG.run(TestNG.java:1017)
at org.testng.remote.AbstractRemoteTestNG.run(AbstractRemoteTestNG.java:114)
at org.testng.remote.RemoteTestNG.initAndRun(RemoteTestNG.java:251)
at org.testng.remote.RemoteTestNG.main(RemoteTestNG.java:77)
]]>
            </full-stacktrace>
          </exception> <!-- com.assertthat.selenium_shutterbug.utils.image.UnableToCompareImagesException -->
          <reporter-output>
            <line>
              <![CDATA[Starting test method:TC_01_titleCheck_and_FormVerify]]>
            </line>
            <line>
              <![CDATA[URL is Verified]]>
            </line>
            <line>
              <![CDATA[Page title  is Verified]]>
            </line>
            <line>
              <![CDATA[ Enter value : ]]>
            </line>
            <line>
              <![CDATA[ Enter value : ]]>
            </line>
            <line>
              <![CDATA[ Enter value : ]]>
            </line>
            <line>
              <![CDATA[ Enter value : ]]>
            </line>
            <line>
              <![CDATA[ Enter value : ]]>
            </line>
            <line>
              <![CDATA[ Enter value : ]]>
            </line>
            <line>
              <![CDATA[Text : You can invite your colleagues from here and they will get their own user access to your Company account - is Verified]]>
            </line>
            <line>
              <![CDATA[All elements on Signup page are Displayed]]>
            </line>
            <line>
              <![CDATA[TC_01_titleCheck_and_FormVerify is Failed]]>
            </line>
            <line>
              <![CDATA[Click to see Screenshot]]>
            </line>
            <line>
              <![CDATA[<a href=C:\Users\Plamen\eclipse-workspace\insly\screenshots\Tue_May_07_00_26_23_EEST_2019.png></a>]]>
            </line>
            <line>
              <![CDATA[<br>  <img src='C:\Users\Plamen\eclipse-workspace\insly\screenshots\Tue_May_07_00_26_23_EEST_2019.png' height='200' width='200' /><br>]]>
            </line>
            <line>
              <![CDATA[<a target="_blank" href=C:\Users\Plamen\eclipse-workspace\insly\screenshots\Tue_May_07_00_26_23_EEST_2019.png>Screenshot</a>]]>
            </line>
          </reporter-output>
        </test-method> <!-- TC_01_titleCheck_and_FormVerify -->
        <test-method status="PASS" signature="afterTest()[pri:0, instance:inslyTests.TC_01_verify_Title_and_Form@365c30cc]" name="afterTest" is-config="true" duration-ms="1" started-at="2019-05-06T21:26:25Z" finished-at="2019-05-06T21:26:25Z">
          <reporter-output>
          </reporter-output>
        </test-method> <!-- afterTest -->
        <test-method status="PASS" signature="afterSuite()[pri:0, instance:inslyTests.TC_01_verify_Title_and_Form@365c30cc]" name="afterSuite" is-config="true" duration-ms="1074" started-at="2019-05-06T21:29:58Z" finished-at="2019-05-06T21:29:59Z">
          <reporter-output>
            <line>
              <![CDATA[Driver quit]]>
            </line>
            <line>
              <![CDATA[Duration of Suite is : 247 sec.]]>
            </line>
          </reporter-output>
        </test-method> <!-- afterSuite -->
      </class> <!-- inslyTests.TC_01_verify_Title_and_Form -->
      <class name="inslyTests.TC_06_SignUpForm_ErrorMessages2">
        <test-method status="PASS" signature="beforeClass()[pri:0, instance:inslyTests.TC_06_SignUpForm_ErrorMessages2@71a794e5]" name="beforeClass" is-config="true" duration-ms="17412" started-at="2019-05-06T21:28:48Z" finished-at="2019-05-06T21:29:05Z">
          <reporter-output>
            <line>
              <![CDATA[chrome is Initialised]]>
            </line>
          </reporter-output>
        </test-method> <!-- beforeClass -->
        <test-method status="PASS" signature="beforeTest()[pri:0, instance:inslyTests.TC_06_SignUpForm_ErrorMessages2@71a794e5]" name="beforeTest" is-config="true" duration-ms="9154" started-at="2019-05-06T21:29:05Z" finished-at="2019-05-06T21:29:14Z">
          <reporter-output>
            <line>
              <![CDATA[Successfully opened url 'https://signup.int.staging.insly.training/signup']]>
            </line>
            <line>
              <![CDATA[URL is Verified]]>
            </line>
            <line>
              <![CDATA[Page title  is Verified]]>
            </line>
            <line>
              <![CDATA[ Enter value : ]]>
            </line>
            <line>
              <![CDATA[ Enter value : ]]>
            </line>
            <line>
              <![CDATA[ Enter value : ]]>
            </line>
            <line>
              <![CDATA[ Enter value : ]]>
            </line>
            <line>
              <![CDATA[ Enter value : ]]>
            </line>
            <line>
              <![CDATA[ Enter value : ]]>
            </line>
            <line>
              <![CDATA[Text : You can invite your colleagues from here and they will get their own user access to your Company account - is Verified]]>
            </line>
            <line>
              <![CDATA[All elements on Signup page are Displayed]]>
            </line>
          </reporter-output>
        </test-method> <!-- beforeTest -->
        <test-method status="PASS" signature="TC_06_SignUpForm_ErrorMessages2(java.lang.String, java.lang.String, java.lang.String, java.lang.String, java.lang.String, java.lang.String, java.lang.String, java.lang.String)[pri:0, instance:inslyTests.TC_06_SignUpForm_ErrorMessages2@71a794e5]" name="TC_06_SignUpForm_ErrorMessages2" duration-ms="2067" started-at="2019-05-06T21:29:14Z" description="Verify correct Error messages are Displayed and CorrectText if less than required data is entered in the fields" data-provider="dataProviderOne" finished-at="2019-05-06T21:29:16Z">
          <params>
            <param index="0">
              <value>
                <![CDATA[qw]]>
              </value>
            </param>
            <param index="1">
              <value>
                <![CDATA[Greece]]>
              </value>
            </param>
            <param index="2">
              <value>
                <![CDATA[Insurance Agency]]>
              </value>
            </param>
            <param index="3">
              <value>
                <![CDATA[6-10]]>
              </value>
            </param>
            <param index="4">
              <value>
                <![CDATA[I am a tech guy]]>
              </value>
            </param>
            <param index="5">
              <value>
                <![CDATA[qw]]>
              </value>
            </param>
            <param index="6">
              <value>
                <![CDATA[qw]]>
              </value>
            </param>
            <param index="7">
              <value>
                <![CDATA[1]]>
              </value>
            </param>
          </params>
          <reporter-output>
            <line>
              <![CDATA[Starting test method:TC_06_SignUpForm_ErrorMessages2]]>
            </line>
            <line>
              <![CDATA[ Enter value : qw]]>
            </line>
            <line>
              <![CDATA[Selecting from dropdown value as : Greece]]>
            </line>
            <line>
              <![CDATA[Selecting from dropdown value as : Insurance Agency]]>
            </line>
            <line>
              <![CDATA[Selecting from dropdown value as : 6-10]]>
            </line>
            <line>
              <![CDATA[Selecting from dropdown value as : I am a tech guy]]>
            </line>
            <line>
              <![CDATA[ Enter value : qw]]>
            </line>
            <line>
              <![CDATA[The generated String is  :qw]]>
            </line>
            <line>
              <![CDATA[ Enter value : qw]]>
            </line>
            <line>
              <![CDATA[ Enter value : 1]]>
            </line>
            <line>
              <![CDATA[Text : The company name must be at least 3 characters long. - is Verified]]>
            </line>
            <line>
              <![CDATA[ Enter value : qw]]>
            </line>
            <line>
              <![CDATA[Text : The address tag must be at least 3 characters long. - is Verified]]>
            </line>
            <line>
              <![CDATA[Text : This does not appear to be a valid e-mail address. - is Verified]]>
            </line>
            <line>
              <![CDATA[Text : Please enter your full name. - is Verified]]>
            </line>
            <line>
              <![CDATA[Text : This does not appear to be a valid phone number. - is Verified]]>
            </line>
            <line>
              <![CDATA[TC_06_SignUpForm_ErrorMessages2 is Passed]]>
            </line>
          </reporter-output>
        </test-method> <!-- TC_06_SignUpForm_ErrorMessages2 -->
        <test-method status="PASS" signature="afterTest()[pri:0, instance:inslyTests.TC_06_SignUpForm_ErrorMessages2@71a794e5]" name="afterTest" is-config="true" duration-ms="1" started-at="2019-05-06T21:29:16Z" finished-at="2019-05-06T21:29:16Z">
          <reporter-output>
          </reporter-output>
        </test-method> <!-- afterTest -->
      </class> <!-- inslyTests.TC_06_SignUpForm_ErrorMessages2 -->
      <class name="inslyTests.TC_03_SignUp_and_Verify_URL">
        <test-method status="PASS" signature="beforeClass()[pri:0, instance:inslyTests.TC_03_SignUp_and_Verify_URL@4148db48]" name="beforeClass" is-config="true" duration-ms="12727" started-at="2019-05-06T21:26:53Z" finished-at="2019-05-06T21:27:05Z">
          <reporter-output>
            <line>
              <![CDATA[chrome is Initialised]]>
            </line>
          </reporter-output>
        </test-method> <!-- beforeClass -->
        <test-method status="PASS" signature="beforeTest()[pri:0, instance:inslyTests.TC_03_SignUp_and_Verify_URL@4148db48]" name="beforeTest" is-config="true" duration-ms="5496" started-at="2019-05-06T21:27:05Z" finished-at="2019-05-06T21:27:11Z">
          <reporter-output>
            <line>
              <![CDATA[Successfully opened url 'https://signup.int.staging.insly.training/signup']]>
            </line>
            <line>
              <![CDATA[URL is Verified]]>
            </line>
            <line>
              <![CDATA[Page title  is Verified]]>
            </line>
            <line>
              <![CDATA[ Enter value : ]]>
            </line>
            <line>
              <![CDATA[ Enter value : ]]>
            </line>
            <line>
              <![CDATA[ Enter value : ]]>
            </line>
            <line>
              <![CDATA[ Enter value : ]]>
            </line>
            <line>
              <![CDATA[ Enter value : ]]>
            </line>
            <line>
              <![CDATA[ Enter value : ]]>
            </line>
            <line>
              <![CDATA[Text : You can invite your colleagues from here and they will get their own user access to your Company account - is Verified]]>
            </line>
            <line>
              <![CDATA[All elements on Signup page are Displayed]]>
            </line>
          </reporter-output>
        </test-method> <!-- beforeTest -->
        <test-method status="FAIL" signature="TC_03_SignUp_and_Verify_loginURL(java.lang.String, java.lang.String, java.lang.String, java.lang.String, java.lang.String, java.lang.String, java.lang.String, java.lang.String)[pri:0, instance:inslyTests.TC_03_SignUp_and_Verify_URL@4148db48]" name="TC_03_SignUp_and_Verify_loginURL" duration-ms="22831" started-at="2019-05-06T21:27:11Z" description="Admin Accoount details form fill,storing the suggested password" data-provider="dataProviderOne" finished-at="2019-05-06T21:27:34Z">
          <params>
            <param index="0">
              <value>
                <![CDATA[nswuposc]]>
              </value>
            </param>
            <param index="1">
              <value>
                <![CDATA[Greece]]>
              </value>
            </param>
            <param index="2">
              <value>
                <![CDATA[Insurance Agency]]>
              </value>
            </param>
            <param index="3">
              <value>
                <![CDATA[6-10]]>
              </value>
            </param>
            <param index="4">
              <value>
                <![CDATA[I am a tech guy]]>
              </value>
            </param>
            <param index="5">
              <value>
                <![CDATA[stvxzlwg@email.com]]>
              </value>
            </param>
            <param index="6">
              <value>
                <![CDATA[Some Manager]]>
              </value>
            </param>
            <param index="7">
              <value>
                <![CDATA[123456789]]>
              </value>
            </param>
          </params>
          <exception class="java.lang.AssertionError">
            <message>
              <![CDATA[expected [true] but found [false]]]>
            </message>
            <full-stacktrace>
              <![CDATA[java.lang.AssertionError: expected [true] but found [false]
at org.testng.Assert.fail(Assert.java:96)
at org.testng.Assert.failNotEquals(Assert.java:776)
at org.testng.Assert.assertTrue(Assert.java:44)
at org.testng.Assert.assertTrue(Assert.java:54)
at insly.base.URLverify(base.java:334)
at inslyTests.TC_03_SignUp_and_Verify_URL.TC_03_SignUp_and_Verify_loginURL(TC_03_SignUp_and_Verify_URL.java:74)
at sun.reflect.NativeMethodAccessorImpl.invoke0(Native Method)
at sun.reflect.NativeMethodAccessorImpl.invoke(NativeMethodAccessorImpl.java:62)
at sun.reflect.DelegatingMethodAccessorImpl.invoke(DelegatingMethodAccessorImpl.java:43)
at java.lang.reflect.Method.invoke(Method.java:498)
at org.testng.internal.MethodInvocationHelper.invokeMethod(MethodInvocationHelper.java:124)
at org.testng.internal.Invoker.invokeMethod(Invoker.java:580)
at org.testng.internal.Invoker.invokeTestMethod(Invoker.java:716)
at org.testng.internal.Invoker.invokeTestMethods(Invoker.java:988)
at org.testng.internal.TestMethodWorker.invokeTestMethods(TestMethodWorker.java:125)
at org.testng.internal.TestMethodWorker.run(TestMethodWorker.java:109)
at org.testng.TestRunner.privateRun(TestRunner.java:648)
at org.testng.TestRunner.run(TestRunner.java:505)
at org.testng.SuiteRunner.runTest(SuiteRunner.java:455)
at org.testng.SuiteRunner.runSequentially(SuiteRunner.java:450)
at org.testng.SuiteRunner.privateRun(SuiteRunner.java:415)
at org.testng.SuiteRunner.run(SuiteRunner.java:364)
at org.testng.SuiteRunnerWorker.runSuite(SuiteRunnerWorker.java:52)
at org.testng.SuiteRunnerWorker.run(SuiteRunnerWorker.java:84)
at org.testng.TestNG.runSuitesSequentially(TestNG.java:1208)
at org.testng.TestNG.runSuitesLocally(TestNG.java:1137)
at org.testng.TestNG.runSuites(TestNG.java:1049)
at org.testng.TestNG.run(TestNG.java:1017)
at org.testng.remote.AbstractRemoteTestNG.run(AbstractRemoteTestNG.java:114)
at org.testng.remote.RemoteTestNG.initAndRun(RemoteTestNG.java:251)
at org.testng.remote.RemoteTestNG.main(RemoteTestNG.java:77)
]]>
            </full-stacktrace>
          </exception> <!-- java.lang.AssertionError -->
          <reporter-output>
            <line>
              <![CDATA[Starting test method:TC_03_SignUp_and_Verify_loginURL]]>
            </line>
            <line>
              <![CDATA[ Enter value : nswuposc]]>
            </line>
            <line>
              <![CDATA[Selecting from dropdown value as : Greece]]>
            </line>
            <line>
              <![CDATA[Selecting from dropdown value as : Insurance Agency]]>
            </line>
            <line>
              <![CDATA[Selecting from dropdown value as : 6-10]]>
            </line>
            <line>
              <![CDATA[Selecting from dropdown value as : I am a tech guy]]>
            </line>
            <line>
              <![CDATA[ Enter value : stvxzlwg@email.com]]>
            </line>
            <line>
              <![CDATA[The generated String is  :stvxzlwg@email.com]]>
            </line>
            <line>
              <![CDATA[ Enter value : Some Manager]]>
            </line>
            <line>
              <![CDATA[ Enter value : 123456789]]>
            </line>
            <line>
              <![CDATA[The generated Secured Password from insly is  :Dw5-n7H-959-uMa]]>
            </line>
            <line>
              <![CDATA[All elements from Loading Page are Displayed]]>
            </line>
            <line>
              <![CDATA[TC_03_SignUp_and_Verify_loginURL is Failed]]>
            </line>
            <line>
              <![CDATA[Click to see Screenshot]]>
            </line>
            <line>
              <![CDATA[<a href=C:\Users\Plamen\eclipse-workspace\insly\screenshots\Tue_May_07_00_27_34_EEST_2019.png></a>]]>
            </line>
            <line>
              <![CDATA[<br>  <img src='C:\Users\Plamen\eclipse-workspace\insly\screenshots\Tue_May_07_00_27_34_EEST_2019.png' height='200' width='200' /><br>]]>
            </line>
            <line>
              <![CDATA[<a target="_blank" href=C:\Users\Plamen\eclipse-workspace\insly\screenshots\Tue_May_07_00_27_34_EEST_2019.png>Screenshot</a>]]>
            </line>
          </reporter-output>
        </test-method> <!-- TC_03_SignUp_and_Verify_loginURL -->
        <test-method status="PASS" signature="afterTest()[pri:0, instance:inslyTests.TC_03_SignUp_and_Verify_URL@4148db48]" name="afterTest" is-config="true" duration-ms="0" started-at="2019-05-06T21:27:34Z" finished-at="2019-05-06T21:27:34Z">
          <reporter-output>
          </reporter-output>
        </test-method> <!-- afterTest -->
      </class> <!-- inslyTests.TC_03_SignUp_and_Verify_URL -->
      <class name="inslyTests.TC_04_SignUp_and_verify_LogedIn_as_User">
        <test-method status="PASS" signature="beforeClass()[pri:0, instance:inslyTests.TC_04_SignUp_and_verify_LogedIn_as_User@282003e1]" name="beforeClass" is-config="true" duration-ms="12641" started-at="2019-05-06T21:27:34Z" finished-at="2019-05-06T21:27:47Z">
          <reporter-output>
            <line>
              <![CDATA[chrome is Initialised]]>
            </line>
          </reporter-output>
        </test-method> <!-- beforeClass -->
        <test-method status="PASS" signature="beforeTest()[pri:0, instance:inslyTests.TC_04_SignUp_and_verify_LogedIn_as_User@282003e1]" name="beforeTest" is-config="true" duration-ms="11072" started-at="2019-05-06T21:27:47Z" finished-at="2019-05-06T21:27:58Z">
          <reporter-output>
            <line>
              <![CDATA[Successfully opened url 'https://signup.int.staging.insly.training/signup']]>
            </line>
            <line>
              <![CDATA[URL is Verified]]>
            </line>
            <line>
              <![CDATA[Page title  is Verified]]>
            </line>
            <line>
              <![CDATA[ Enter value : ]]>
            </line>
            <line>
              <![CDATA[ Enter value : ]]>
            </line>
            <line>
              <![CDATA[ Enter value : ]]>
            </line>
            <line>
              <![CDATA[ Enter value : ]]>
            </line>
            <line>
              <![CDATA[ Enter value : ]]>
            </line>
            <line>
              <![CDATA[ Enter value : ]]>
            </line>
            <line>
              <![CDATA[Text : You can invite your colleagues from here and they will get their own user access to your Company account - is Verified]]>
            </line>
            <line>
              <![CDATA[All elements on Signup page are Displayed]]>
            </line>
          </reporter-output>
        </test-method> <!-- beforeTest -->
        <test-method status="FAIL" signature="TC_04_SignUp_and_verify_LogedIn_as_User(java.lang.String, java.lang.String, java.lang.String, java.lang.String, java.lang.String, java.lang.String, java.lang.String, java.lang.String)[pri:0, instance:inslyTests.TC_04_SignUp_and_verify_LogedIn_as_User@282003e1]" name="TC_04_SignUp_and_verify_LogedIn_as_User" duration-ms="25976" started-at="2019-05-06T21:27:58Z" description="SignUp_and_verify_LogedIn_as_User" data-provider="dataProviderOne" finished-at="2019-05-06T21:28:24Z">
          <params>
            <param index="0">
              <value>
                <![CDATA[lsbziuiq]]>
              </value>
            </param>
            <param index="1">
              <value>
                <![CDATA[Greece]]>
              </value>
            </param>
            <param index="2">
              <value>
                <![CDATA[Insurance Agency]]>
              </value>
            </param>
            <param index="3">
              <value>
                <![CDATA[6-10]]>
              </value>
            </param>
            <param index="4">
              <value>
                <![CDATA[I am a tech guy]]>
              </value>
            </param>
            <param index="5">
              <value>
                <![CDATA[kcvnduiq@email.com]]>
              </value>
            </param>
            <param index="6">
              <value>
                <![CDATA[Some Manager]]>
              </value>
            </param>
            <param index="7">
              <value>
                <![CDATA[123456789]]>
              </value>
            </param>
          </params>
          <exception class="java.lang.AssertionError">
            <message>
              <![CDATA[expected [true] but found [false]]]>
            </message>
            <full-stacktrace>
              <![CDATA[java.lang.AssertionError: expected [true] but found [false]
at org.testng.Assert.fail(Assert.java:96)
at org.testng.Assert.failNotEquals(Assert.java:776)
at org.testng.Assert.assertTrue(Assert.java:44)
at org.testng.Assert.assertTrue(Assert.java:54)
at insly.base.URLverify(base.java:334)
at inslyTests.TC_04_SignUp_and_verify_LogedIn_as_User.TC_04_SignUp_and_verify_LogedIn_as_User(TC_04_SignUp_and_verify_LogedIn_as_User.java:82)
at sun.reflect.NativeMethodAccessorImpl.invoke0(Native Method)
at sun.reflect.NativeMethodAccessorImpl.invoke(NativeMethodAccessorImpl.java:62)
at sun.reflect.DelegatingMethodAccessorImpl.invoke(DelegatingMethodAccessorImpl.java:43)
at java.lang.reflect.Method.invoke(Method.java:498)
at org.testng.internal.MethodInvocationHelper.invokeMethod(MethodInvocationHelper.java:124)
at org.testng.internal.Invoker.invokeMethod(Invoker.java:580)
at org.testng.internal.Invoker.invokeTestMethod(Invoker.java:716)
at org.testng.internal.Invoker.invokeTestMethods(Invoker.java:988)
at org.testng.internal.TestMethodWorker.invokeTestMethods(TestMethodWorker.java:125)
at org.testng.internal.TestMethodWorker.run(TestMethodWorker.java:109)
at org.testng.TestRunner.privateRun(TestRunner.java:648)
at org.testng.TestRunner.run(TestRunner.java:505)
at org.testng.SuiteRunner.runTest(SuiteRunner.java:455)
at org.testng.SuiteRunner.runSequentially(SuiteRunner.java:450)
at org.testng.SuiteRunner.privateRun(SuiteRunner.java:415)
at org.testng.SuiteRunner.run(SuiteRunner.java:364)
at org.testng.SuiteRunnerWorker.runSuite(SuiteRunnerWorker.java:52)
at org.testng.SuiteRunnerWorker.run(SuiteRunnerWorker.java:84)
at org.testng.TestNG.runSuitesSequentially(TestNG.java:1208)
at org.testng.TestNG.runSuitesLocally(TestNG.java:1137)
at org.testng.TestNG.runSuites(TestNG.java:1049)
at org.testng.TestNG.run(TestNG.java:1017)
at org.testng.remote.AbstractRemoteTestNG.run(AbstractRemoteTestNG.java:114)
at org.testng.remote.RemoteTestNG.initAndRun(RemoteTestNG.java:251)
at org.testng.remote.RemoteTestNG.main(RemoteTestNG.java:77)
]]>
            </full-stacktrace>
          </exception> <!-- java.lang.AssertionError -->
          <reporter-output>
            <line>
              <![CDATA[Starting test method:TC_04_SignUp_and_verify_LogedIn_as_User]]>
            </line>
            <line>
              <![CDATA[ Enter value : lsbziuiq]]>
            </line>
            <line>
              <![CDATA[Selecting from dropdown value as : Greece]]>
            </line>
            <line>
              <![CDATA[Selecting from dropdown value as : Insurance Agency]]>
            </line>
            <line>
              <![CDATA[Selecting from dropdown value as : 6-10]]>
            </line>
            <line>
              <![CDATA[Selecting from dropdown value as : I am a tech guy]]>
            </line>
            <line>
              <![CDATA[ Enter value : kcvnduiq@email.com]]>
            </line>
            <line>
              <![CDATA[The generated String is  :kcvnduiq@email.com]]>
            </line>
            <line>
              <![CDATA[ Enter value : Some Manager]]>
            </line>
            <line>
              <![CDATA[ Enter value : 123456789]]>
            </line>
            <line>
              <![CDATA[The generated Secured Password from insly is  :BTt-Xc4-egB-QrM]]>
            </line>
            <line>
              <![CDATA[All elements from Loading Page are Displayed]]>
            </line>
            <line>
              <![CDATA[TC_04_SignUp_and_verify_LogedIn_as_User is Failed]]>
            </line>
            <line>
              <![CDATA[Click to see Screenshot]]>
            </line>
            <line>
              <![CDATA[<a href=C:\Users\Plamen\eclipse-workspace\insly\screenshots\Tue_May_07_00_28_24_EEST_2019.png></a>]]>
            </line>
            <line>
              <![CDATA[<br>  <img src='C:\Users\Plamen\eclipse-workspace\insly\screenshots\Tue_May_07_00_28_24_EEST_2019.png' height='200' width='200' /><br>]]>
            </line>
            <line>
              <![CDATA[<a target="_blank" href=C:\Users\Plamen\eclipse-workspace\insly\screenshots\Tue_May_07_00_28_24_EEST_2019.png>Screenshot</a>]]>
            </line>
          </reporter-output>
        </test-method> <!-- TC_04_SignUp_and_verify_LogedIn_as_User -->
        <test-method status="PASS" signature="afterTest()[pri:0, instance:inslyTests.TC_04_SignUp_and_verify_LogedIn_as_User@282003e1]" name="afterTest" is-config="true" duration-ms="0" started-at="2019-05-06T21:28:25Z" finished-at="2019-05-06T21:28:25Z">
          <reporter-output>
          </reporter-output>
        </test-method> <!-- afterTest -->
      </class> <!-- inslyTests.TC_04_SignUp_and_verify_LogedIn_as_User -->
    </test> <!-- Insly Test -->
  </suite> <!--  Insly Suite -->
</testng-results>
